<?xml version="1.0" ?>
<coverage version="7.11.3" timestamp="1762808568560" lines-valid="11" lines-covered="9" line-rate="0.8182" branches-covered="0" branches-valid="0" branch-rate="0" complexity="0">
	<!-- Generated by coverage.py: https://coverage.readthedocs.io/en/7.11.3 -->
	<!-- Based on https://raw.githubusercontent.com/cobertura/web/master/htdocs/xml/coverage-04.dtd -->
	<sources>
		<source>C:\Users\AUB\projects\jenkins_project_lab10</source>
	</sources>
	<packages>
		<package name="." line-rate="0.75" branch-rate="0" complexity="0">
			<classes>
				<class name="app.py" filename="app.py" complexity="0" line-rate="0.75" branch-rate="0">
					<methods/>
					<lines>
						<line number="1" hits="1"/>
						<line number="2" hits="1"/>
						<line number="5" hits="1"/>
						<line number="6" hits="0"/>
					</lines>
				</class>
			</classes>
		</package>
		<package name="test" line-rate="0.8571" branch-rate="0" complexity="0">
			<classes>
				<class name="test_App.py" filename="test/test_App.py" complexity="0" line-rate="0.8571" branch-rate="0">
					<methods/>
					<lines>
						<line number="1" hits="1"/>
						<line number="2" hits="1"/>
						<line number="5" hits="1"/>
						<line number="8" hits="1"/>
						<line number="9" hits="1"/>
						<line number="13" hits="1"/>
						<line number="14" hits="0"/>
					</lines>
				</class>
			</classes>
		</package>
	</packages>
</coverage>
