<?xml version="1.0" ?>
<coverage version="7.11.3" timestamp="1762810243006" lines-valid="4" lines-covered="3" line-rate="0.75" branches-valid="2" branches-covered="1" branch-rate="0.5" complexity="0">
	<!-- Generated by coverage.py: https://coverage.readthedocs.io/en/7.11.3 -->
	<!-- Based on https://raw.githubusercontent.com/cobertura/web/master/htdocs/xml/coverage-04.dtd -->
	<sources>
		<source>C:\Users\AUB\projects\jenkins_project_lab10</source>
	</sources>
	<packages>
		<package name="." line-rate="0.75" branch-rate="0.5" complexity="0">
			<classes>
				<class name="app.py" filename="app.py" complexity="0" line-rate="0.75" branch-rate="0.5">
					<methods/>
					<lines>
						<line number="1" hits="1"/>
						<line number="2" hits="1"/>
						<line number="5" hits="1" branch="true" condition-coverage="50% (1/2)" missing-branches="6"/>
						<line number="6" hits="0"/>
					</lines>
				</class>
			</classes>
		</package>
	</packages>
</coverage>
